2019-07-31 23:44:21.731: [DEBUG] [background-preinit] [org.jboss.logging:22]  Logging Provider: org.jboss.logging.Log4jLoggerProvider
2019-07-31 23:44:21.733: [INFO] [background-preinit] [org.hibernate.validator.internal.util.Version:21]  HV000001: Hibernate Validator 6.0.17.Final
2019-07-31 23:44:21.740: [DEBUG] [background-preinit] [org.hibernate.validator.internal.engine.resolver.TraversableResolvers:60]  Cannot find javax.persistence.Persistence on classpath. Assuming non JPA 2 environment. All properties will per default be traversable.
2019-07-31 23:44:21.743: [DEBUG] [background-preinit] [org.hibernate.validator.internal.xml.config.ValidationXmlParser:120]  Trying to load META-INF/validation.xml for XML based Validator configuration.
2019-07-31 23:44:21.744: [DEBUG] [background-preinit] [org.hibernate.validator.internal.xml.config.ResourceLoaderHelper:60]  Trying to load META-INF/validation.xml via TCCL
2019-07-31 23:44:21.744: [DEBUG] [background-preinit] [org.hibernate.validator.internal.xml.config.ResourceLoaderHelper:66]  Trying to load META-INF/validation.xml via Hibernate Validator's class loader
2019-07-31 23:44:21.745: [DEBUG] [background-preinit] [org.hibernate.validator.internal.xml.config.ValidationXmlParser:127]  No META-INF/validation.xml found. Using annotation based configuration only.
2019-07-31 23:44:21.856: [DEBUG] [background-preinit] [org.hibernate.validator.messageinterpolation.ResourceBundleMessageInterpolator:89]  Loaded expression factory via original TCCL
2019-07-31 23:44:21.861: [DEBUG] [background-preinit] [org.hibernate.validator.internal.engine.ValidatorFactoryImpl:578]  HV000234: Using org.hibernate.validator.messageinterpolation.ResourceBundleMessageInterpolator as ValidatorFactory-scoped message interpolator.
2019-07-31 23:44:21.861: [DEBUG] [background-preinit] [org.hibernate.validator.internal.engine.ValidatorFactoryImpl:579]  HV000234: Using org.hibernate.validator.internal.engine.resolver.TraverseAllTraversableResolver as ValidatorFactory-scoped traversable resolver.
2019-07-31 23:44:21.861: [DEBUG] [background-preinit] [org.hibernate.validator.internal.engine.ValidatorFactoryImpl:580]  HV000234: Using org.hibernate.validator.internal.util.ExecutableParameterNameProvider as ValidatorFactory-scoped parameter name provider.
2019-07-31 23:44:21.861: [DEBUG] [background-preinit] [org.hibernate.validator.internal.engine.ValidatorFactoryImpl:581]  HV000234: Using org.hibernate.validator.internal.engine.DefaultClockProvider as ValidatorFactory-scoped clock provider.
2019-07-31 23:44:21.862: [DEBUG] [background-preinit] [org.hibernate.validator.internal.engine.ValidatorFactoryImpl:582]  HV000234: Using org.hibernate.validator.internal.engine.scripting.DefaultScriptEvaluatorFactory as ValidatorFactory-scoped script evaluator factory.
2019-07-31 23:44:23.383: [DEBUG] [main] [org.hibernate.validator.internal.engine.resolver.TraversableResolvers:60]  Cannot find javax.persistence.Persistence on classpath. Assuming non JPA 2 environment. All properties will per default be traversable.
2019-07-31 23:44:23.383: [DEBUG] [main] [org.hibernate.validator.messageinterpolation.ResourceBundleMessageInterpolator:89]  Loaded expression factory via original TCCL
2019-07-31 23:44:23.385: [DEBUG] [main] [org.hibernate.validator.internal.engine.resolver.TraversableResolvers:60]  Cannot find javax.persistence.Persistence on classpath. Assuming non JPA 2 environment. All properties will per default be traversable.
2019-07-31 23:44:23.386: [DEBUG] [main] [org.hibernate.validator.internal.engine.ConfigurationImpl:148]  Setting custom MessageInterpolator of type org.springframework.validation.beanvalidation.LocaleContextMessageInterpolator
2019-07-31 23:44:23.386: [DEBUG] [main] [org.hibernate.validator.internal.engine.ConfigurationImpl:180]  Setting custom ConstraintValidatorFactory of type org.springframework.validation.beanvalidation.SpringConstraintValidatorFactory
2019-07-31 23:44:23.387: [DEBUG] [main] [org.hibernate.validator.internal.engine.ConfigurationImpl:194]  Setting custom ParameterNameProvider of type org.springframework.validation.beanvalidation.LocalValidatorFactoryBean$1
2019-07-31 23:44:23.387: [DEBUG] [main] [org.hibernate.validator.internal.xml.config.ValidationXmlParser:120]  Trying to load META-INF/validation.xml for XML based Validator configuration.
2019-07-31 23:44:23.388: [DEBUG] [main] [org.hibernate.validator.internal.xml.config.ResourceLoaderHelper:53]  Trying to load META-INF/validation.xml via user class loader
2019-07-31 23:44:23.388: [DEBUG] [main] [org.hibernate.validator.internal.xml.config.ResourceLoaderHelper:60]  Trying to load META-INF/validation.xml via TCCL
2019-07-31 23:44:23.388: [DEBUG] [main] [org.hibernate.validator.internal.xml.config.ResourceLoaderHelper:66]  Trying to load META-INF/validation.xml via Hibernate Validator's class loader
2019-07-31 23:44:23.388: [DEBUG] [main] [org.hibernate.validator.internal.xml.config.ValidationXmlParser:127]  No META-INF/validation.xml found. Using annotation based configuration only.
2019-07-31 23:44:23.391: [DEBUG] [main] [org.hibernate.validator.internal.engine.ValidatorFactoryImpl:578]  HV000234: Using org.springframework.validation.beanvalidation.LocaleContextMessageInterpolator as ValidatorFactory-scoped message interpolator.
2019-07-31 23:44:23.391: [DEBUG] [main] [org.hibernate.validator.internal.engine.ValidatorFactoryImpl:579]  HV000234: Using org.hibernate.validator.internal.engine.resolver.TraverseAllTraversableResolver as ValidatorFactory-scoped traversable resolver.
2019-07-31 23:44:23.391: [DEBUG] [main] [org.hibernate.validator.internal.engine.ValidatorFactoryImpl:580]  HV000234: Using org.hibernate.validator.internal.util.ExecutableParameterNameProvider as ValidatorFactory-scoped parameter name provider.
2019-07-31 23:44:23.392: [DEBUG] [main] [org.hibernate.validator.internal.engine.ValidatorFactoryImpl:581]  HV000234: Using org.hibernate.validator.internal.engine.DefaultClockProvider as ValidatorFactory-scoped clock provider.
2019-07-31 23:44:23.392: [DEBUG] [main] [org.hibernate.validator.internal.engine.ValidatorFactoryImpl:582]  HV000234: Using org.hibernate.validator.internal.engine.scripting.DefaultScriptEvaluatorFactory as ValidatorFactory-scoped script evaluator factory.
